# JRE version: Java(TM) SE Runtime Environment (21.0.3+7) (build 21.0.3+7-LTS-152)
# Java VM: Java HotSpot(TM) 64-Bit Server VM (21.0.3+7-LTS-152, mixed mode, emulated-client, sharing, tiered, compressed oops, compressed class ptrs, g1 gc, windows-amd64)
GC Precious Log:
 CardTable entry size: 512
 Card Set container configuration: InlinePtr #cards 4 size 8 Array Of Cards #cards 16 size 48 Howl #buckets 8 coarsen threshold 3686 Howl Bitmap #cards 512 size 80 coarsen threshold 460 Card regions per heap region 1 cards per card region 4096
 CPUs: 12 total, 12 available
 Memory: 16092M
 Large Page Support: Disabled
 NUMA Support: Disabled
 Compressed Oops: Enabled (Zero based)
 Heap Region Size: 2M
 Heap Min Capacity: 8M
 Heap Initial Capacity: 252M
 Heap Max Capacity: 4024M
 Pre-touch: Disabled
 Parallel Workers: 10
 Concurrent Workers: 3
 Concurrent Refinement Workers: 10
 Periodic GC: Disabled
Heap:
 garbage-first heap   total 116736K, used 96688K [0x0000000704800000, 0x0000000800000000)
  region size 2048K, 33 young (67584K), 3 survivors (6144K)
 Metaspace       used 74202K, committed 75072K, reserved 1114112K
  class space    used 10348K, committed 10688K, reserved 1048576K
GC Heap History (20 events):
Event: 5.324 GC heap after
{Heap after GC invocations=10 (full 0):
 garbage-first heap   total 75776K, used 19723K [0x0000000704800000, 0x0000000800000000)
  region size 2048K, 2 young (4096K), 2 survivors (4096K)
 Metaspace       used 31240K, committed 31744K, reserved 1114112K
  class space    used 4140K, committed 4352K, reserved 1048576K
}
Event: 5.826 GC heap before
{Heap before GC invocations=10 (full 0):
 garbage-first heap   total 75776K, used 60683K [0x0000000704800000, 0x0000000800000000)
  region size 2048K, 22 young (45056K), 2 survivors (4096K)
 Metaspace       used 34100K, committed 34624K, reserved 1114112K
  class space    used 4520K, committed 4736K, reserved 1048576K
}
Event: 5.831 GC heap after
{Heap after GC invocations=11 (full 0):
 garbage-first heap   total 98304K, used 21448K [0x0000000704800000, 0x0000000800000000)
  region size 2048K, 2 young (4096K), 2 survivors (4096K)
 Metaspace       used 34100K, committed 34624K, reserved 1114112K
  class space    used 4520K, committed 4736K, reserved 1048576K
}
Event: 6.309 GC heap before
{Heap before GC invocations=11 (full 0):
 garbage-first heap   total 98304K, used 74696K [0x0000000704800000, 0x0000000800000000)
  region size 2048K, 28 young (57344K), 2 survivors (4096K)
 Metaspace       used 38696K, committed 39360K, reserved 1114112K
  class space    used 5064K, committed 5376K, reserved 1048576K
}
Event: 6.316 GC heap after
{Heap after GC invocations=12 (full 0):
 garbage-first heap   total 98304K, used 23066K [0x0000000704800000, 0x0000000800000000)
  region size 2048K, 3 young (6144K), 3 survivors (6144K)
 Metaspace       used 38696K, committed 39360K, reserved 1114112K
  class space    used 5064K, committed 5376K, reserved 1048576K
}
Event: 6.634 GC heap before
{Heap before GC invocations=12 (full 0):
 garbage-first heap   total 98304K, used 74266K [0x0000000704800000, 0x0000000800000000)
  region size 2048K, 28 young (57344K), 3 survivors (6144K)
 Metaspace       used 43006K, committed 43648K, reserved 1114112K
  class space    used 5645K, committed 5952K, reserved 1048576K
}
Event: 6.638 GC heap after
{Heap after GC invocations=13 (full 0):
 garbage-first heap   total 98304K, used 24108K [0x0000000704800000, 0x0000000800000000)
  region size 2048K, 3 young (6144K), 3 survivors (6144K)
 Metaspace       used 43006K, committed 43648K, reserved 1114112K
  class space    used 5645K, committed 5952K, reserved 1048576K
}
Event: 6.882 GC heap before
{Heap before GC invocations=13 (full 0):
 garbage-first heap   total 98304K, used 67116K [0x0000000704800000, 0x0000000800000000)
  region size 2048K, 26 young (53248K), 3 survivors (6144K)
 Metaspace       used 47024K, committed 47616K, reserved 1114112K
  class space    used 6330K, committed 6592K, reserved 1048576K
}
Event: 6.887 GC heap after
{Heap after GC invocations=14 (full 0):
 garbage-first heap   total 98304K, used 25140K [0x0000000704800000, 0x0000000800000000)
  region size 2048K, 2 young (4096K), 2 survivors (4096K)
 Metaspace       used 47024K, committed 47616K, reserved 1114112K
  class space    used 6330K, committed 6592K, reserved 1048576K
}
Event: 7.303 GC heap before
{Heap before GC invocations=15 (full 0):
 garbage-first heap   total 96256K, used 76340K [0x0000000704800000, 0x0000000800000000)
  region size 2048K, 28 young (57344K), 2 survivors (4096K)
 Metaspace       used 51747K, committed 52416K, reserved 1114112K
  class space    used 6986K, committed 7296K, reserved 1048576K
}
Event: 7.307 GC heap after
{Heap after GC invocations=16 (full 0):
 garbage-first heap   total 116736K, used 26081K [0x0000000704800000, 0x0000000800000000)
  region size 2048K, 3 young (6144K), 3 survivors (6144K)
 Metaspace       used 51747K, committed 52416K, reserved 1114112K
  class space    used 6986K, committed 7296K, reserved 1048576K
}
Event: 7.731 GC heap before
{Heap before GC invocations=16 (full 0):
 garbage-first heap   total 116736K, used 87521K [0x0000000704800000, 0x0000000800000000)
  region size 2048K, 34 young (69632K), 3 survivors (6144K)
 Metaspace       used 58539K, committed 59200K, reserved 1114112K
  class space    used 8115K, committed 8384K, reserved 1048576K
}
Event: 7.736 GC heap after
{Heap after GC invocations=17 (full 0):
 garbage-first heap   total 116736K, used 26613K [0x0000000704800000, 0x0000000800000000)
  region size 2048K, 3 young (6144K), 3 survivors (6144K)
 Metaspace       used 58539K, committed 59200K, reserved 1114112K
  class space    used 8115K, committed 8384K, reserved 1048576K
}
Event: 8.339 GC heap before
{Heap before GC invocations=17 (full 0):
 garbage-first heap   total 116736K, used 90101K [0x0000000704800000, 0x0000000800000000)
  region size 2048K, 34 young (69632K), 3 survivors (6144K)
 Metaspace       used 63544K, committed 64256K, reserved 1114112K
  class space    used 8785K, committed 9088K, reserved 1048576K
}
Event: 8.350 GC heap after
{Heap after GC invocations=18 (full 0):
 garbage-first heap   total 116736K, used 29004K [0x0000000704800000, 0x0000000800000000)
  region size 2048K, 4 young (8192K), 4 survivors (8192K)
 Metaspace       used 63544K, committed 64256K, reserved 1114112K
  class space    used 8785K, committed 9088K, reserved 1048576K
}
Event: 9.081 GC heap before
{Heap before GC invocations=18 (full 0):
 garbage-first heap   total 116736K, used 90444K [0x0000000704800000, 0x0000000800000000)
  region size 2048K, 34 young (69632K), 4 survivors (8192K)
 Metaspace       used 66015K, committed 66688K, reserved 1114112K
  class space    used 9158K, committed 9472K, reserved 1048576K
}
Event: 9.091 GC heap after
{Heap after GC invocations=19 (full 0):
 garbage-first heap   total 116736K, used 31963K [0x0000000704800000, 0x0000000800000000)
  region size 2048K, 4 young (8192K), 4 survivors (8192K)
 Metaspace       used 66015K, committed 66688K, reserved 1114112K
  class space    used 9158K, committed 9472K, reserved 1048576K
}
Event: 9.858 GC heap before
{Heap before GC invocations=19 (full 0):
 garbage-first heap   total 116736K, used 93403K [0x0000000704800000, 0x0000000800000000)
  region size 2048K, 34 young (69632K), 4 survivors (8192K)
 Metaspace       used 68308K, committed 69120K, reserved 1114112K
  class space    used 9548K, committed 9920K, reserved 1048576K
}
Event: 9.865 GC heap after
{Heap after GC invocations=20 (full 0):
 garbage-first heap   total 116736K, used 35248K [0x0000000704800000, 0x0000000800000000)
  region size 2048K, 4 young (8192K), 4 survivors (8192K)
 Metaspace       used 68308K, committed 69120K, reserved 1114112K
  class space    used 9548K, committed 9920K, reserved 1048576K
}
Event: 90.683 GC heap before
{Heap before GC invocations=20 (full 0):
 garbage-first heap   total 116736K, used 94640K [0x0000000704800000, 0x0000000800000000)
  region size 2048K, 34 young (69632K), 4 survivors (8192K)
 Metaspace       used 74202K, committed 75072K, reserved 1114112K
  class space    used 10348K, committed 10688K, reserved 1048576K
}

